<?xml version="1.0" encoding="UTF-8"?>
<!-- Generated by org.testng.reporters.JUnitReportReporter -->
<testsuite hostname="Sarojs-iMac" failures="0" tests="5" name="testNG_day03.REview_TestNG" time="0.012" errors="0" timestamp="2023-11-28T13:05:23 EST" skipped="0">
  <testcase classname="testNG_day03.REview_TestNG" name="test04" time="0.001"/>
  <testcase classname="testNG_day03.REview_TestNG" name="test04" time="0.003"/>
  <testcase classname="testNG_day03.REview_TestNG" name="test03" time="0.001"/>
  <testcase classname="testNG_day03.REview_TestNG" name="test01" time="0.006"/>
  <testcase classname="testNG_day03.REview_TestNG" name="test02" time="0.001"/>
</testsuite> <!-- testNG_day03.REview_TestNG -->
