<?xml version="1.0" encoding="UTF-8"?>
<!-- Generated by org.testng.reporters.JUnitReportReporter -->
<testsuite hostname="Sarojs-iMac" failures="0" tests="1" name="testFramework.Test001" time="8.438" errors="0" timestamp="2023-11-30T12:52:21 EST" skipped="0">
  <testcase classname="testFramework.Test001" name="testFRamework" time="8.438"/>
</testsuite> <!-- testFramework.Test001 -->
