<?xml version="1.0" encoding="UTF-8"?>
<!-- Generated by org.testng.reporters.JUnitReportReporter -->
<testsuite hostname="Sarojs-iMac.local" failures="0" tests="1" name="testCase.TestCase2" time="17.725" errors="0" timestamp="2023-12-03T22:09:43 EST" skipped="0">
  <testcase classname="testCase.TestCase2" name="tesetCaseHomework" time="17.725"/>
</testsuite> <!-- testCase.TestCase2 -->
