<?xml version="1.0" encoding="UTF-8"?>
<!-- Generated by org.testng.reporters.JUnitReportReporter -->
<testsuite hostname="Sarojs-iMac" failures="0" tests="1" name="testNG_Day01.IgnoreTest" time="0.009" errors="0" timestamp="2023-11-22T22:04:37 EST" skipped="0">
  <testcase classname="testNG_Day01.IgnoreTest" name="testPrint" time="0.009"/>
</testsuite> <!-- testNG_Day01.IgnoreTest -->
