<?xml version="1.0" encoding="UTF-8"?>
<!-- Generated by org.testng.reporters.JUnitReportReporter -->
<testsuite hostname="Sarojs-iMac" failures="0" tests="1" name="testNG_Day01.BasicAnnotations" time="0.001" errors="0" timestamp="2023-11-22T22:04:37 EST" skipped="0">
  <testcase classname="testNG_Day01.BasicAnnotations" name="test01" time="0.001"/>
</testsuite> <!-- testNG_Day01.BasicAnnotations -->
