<?xml version="1.0" encoding="UTF-8"?>
<!-- Generated by org.testng.reporters.JUnitReportReporter -->
<testsuite hostname="Sarojs-iMac" failures="0" tests="1" name="testFramework.MyFirstFramework" time="5.003" errors="0" timestamp="2023-11-30T14:46:45 EST" skipped="0">
  <testcase classname="testFramework.MyFirstFramework" name="testFRamework" time="5.003"/>
</testsuite> <!-- testFramework.MyFirstFramework -->
